<?xml version="1.0" encoding="UTF-8"?>
<!-- Generated by org.testng.reporters.JUnitXMLReporter -->
<testsuite hostname="Seachange-PC" name="Default test" tests="3" failures="0" timestamp="18 Aug 2017 10:26:03 GMT" time="115.038" errors="0">
  <testcase name="VesselInspectionURL" time="7.014" classname="create_Inspection.VesselInspectionTest"/>
  <testcase name="SearchSchedule" time="23.663" classname="create_Inspection.VesselInspectionTest"/>
  <testcase name="AddJobs" time="84.035" classname="create_Inspection.VesselInspectionTest"/>
</testsuite> <!-- Default test -->
